make all --print-data-base --no-builtin-variables --no-builtin-rules --question
make: *** No rule to make target 'all'.  Stop.

# GNU Make 4.2.1
# Built for x86_64-pc-linux-gnu
# Copyright (C) 1988-2016 Free Software Foundation, Inc.
# License GPLv3+: GNU GPL version 3 or later <http://gnu.org/licenses/gpl.html>
# This is free software: you are free to change and redistribute it.
# There is NO WARRANTY, to the extent permitted by law.

# Make data base, printed on Fri Aug 26 07:50:51 2022

# Variables

# automatic
<D = $(patsubst %/,%,$(dir $<))
# automatic
?F = $(notdir $?)
# default
.SHELLFLAGS := -c
# environment
XDG_SESSION_CLASS = user
# environment
VSCODE_AGENT_FOLDER = /home/zpw/.vscode-server
# environment
XDG_SESSION_TYPE = tty
# automatic
?D = $(patsubst %/,%,$(dir $?))
# automatic
@D = $(patsubst %/,%,$(dir $@))
# automatic
@F = $(notdir $@)
# default
MAKE_VERSION := 4.2.1
# makefile
CURDIR := /home/zpw/HME-Quartz-broadwell-master
# makefile
SHELL = /bin/sh
# environment
VSCODE_NLS_CONFIG = {"locale":"zh-cn","availableLanguages":{}}
# environment
_ = /home/zpw/.vscode-server/bin/e4503b30fc78200f846c62cf8091b76ff5547662/node
# makefile
MAKEFILE_LIST := 
# 'override' directive
GNUMAKEFLAGS := 
# environment
XDG_DATA_DIRS = /usr/local/share:/usr/share:/var/lib/snapd/desktop
# environment
DBUS_SESSION_BUS_ADDRESS = unix:path=/run/user/1010/bus
# environment
LESSOPEN = | /usr/bin/lesspipe %s
# environment
VSCODE_CWD = /home/zpw
# environment
SSH_CONNECTION = 192.168.195.28 1279 192.168.195.199 22
# environment
PATH = /home/zpw/.vscode-server/bin/e4503b30fc78200f846c62cf8091b76ff5547662/bin/remote-cli:/home/zpw/anaconda2/bin:/home/zpw/anaconda3/bin:/home/zpw/library/swigtool/bin:/home/lyl/spark/sbin:/home/lyl/spark/bin::/home/lyl/hadoop/bin:/home/lyl/hadoop/sbin:/usr/local/gnuplot/bin:/usr/local/sbin:/usr/local/bin:/usr/sbin:/usr/bin:/sbin:/bin:/usr/games:/usr/local/games:/snap/bin
# environment
XDG_RUNTIME_DIR = /run/user/1010
# environment
CONDA_PREFIX = /home/zpw/anaconda3
# environment
SWIG_PATH = /home/zpw/library/swigtool/bin
# environment
ELECTRON_RUN_AS_NODE = 1
# environment
VSCODE_IPC_HOOK_CLI = /run/user/1010/vscode-ipc-654c26a4-3702-470b-873a-b4e941dce70d.sock
# default
.FEATURES := target-specific order-only second-expansion else-if shortest-stem undefine oneshell archives jobserver output-sync check-symlink load
# environment
LS_COLORS = 
# automatic
%F = $(notdir $%)
# environment
CONDA_EXE = /home/zpw/anaconda3/bin/conda
# environment
PWD = /home/zpw/HME-Quartz-broadwell-master
# default
.LOADED := 
# automatic
*D = $(patsubst %/,%,$(dir $*))
# environment
HADOOP_HOME = /home/lyl/hadoop
# environment
MANPATH = /usr/local/gnuplot/share/man/man1:
# environment
VSCODE_AMD_ENTRYPOINT = vs/workbench/api/node/extensionHostProcess
# environment
HOME = /home/zpw
# environment
LESSCLOSE = /usr/bin/lesspipe %s %s
# environment
LOGNAME = zpw
# environment
APPLICATION_INSIGHTS_NO_DIAGNOSTIC_CHANNEL = 1
# environment
CONDA_PROMPT_MODIFIER = 
# automatic
+F = $(notdir $+)
# environment
VSCODE_HANDLES_UNCAUGHT_ERRORS = true
# automatic
^D = $(patsubst %/,%,$(dir $^))
# environment
MAKELEVEL := 0
# environment
CONDA_DEFAULT_ENV = base
# default
MAKE = $(MAKE_COMMAND)
# default
MAKECMDGOALS := all
# environment
SHLVL = 0
# environment
XDG_SESSION_ID = 356
# environment
USER = zpw
# makefile
.DEFAULT_GOAL := 
# automatic
%D = $(patsubst %/,%,$(dir $%))
# environment
CONDA_SHLVL = 1
# default
MAKE_COMMAND := make
# default
.VARIABLES := 
# automatic
*F = $(notdir $*)
# environment
SPARK_HOME = /home/lyl/spark
# makefile
MAKEFLAGS = pqrR
# environment
MFLAGS = -pqrR
# environment
SSH_CLIENT = 192.168.195.28 1279 22
# automatic
+D = $(patsubst %/,%,$(dir $+))
# environment
BROWSER = /home/zpw/.vscode-server/bin/e4503b30fc78200f846c62cf8091b76ff5547662/bin/helpers/browser.sh
# environment
VSCODE_HANDLES_SIGPIPE = true
# default
MAKEFILES := 
# automatic
<F = $(notdir $<)
# environment
GNUPLOT = /usr/local/gnuplot
# environment
LC_ALL = C
# environment
CONDA_PYTHON_EXE = /home/zpw/anaconda3/bin/python
# automatic
^F = $(notdir $^)
# default
SUFFIXES := 
# default
.INCLUDE_DIRS = /usr/include /usr/local/include /usr/include
# default
.RECIPEPREFIX := 
# default
MAKE_HOST := x86_64-pc-linux-gnu
# environment
LANG = C
# environment
MOTD_SHOWN = pam
# variable set hash-table stats:
# Load=77/1024=8%, Rehash=0, Collisions=10/99=10%

# Pattern-specific Variable Values

# No pattern-specific variable values.

# Directories

# . (device 64768, inode 51124070): 24 files, no impossibilities.

# 24 files, no impossibilities in 1 directories.

# Implicit Rules

# No implicit rules.

# Files

# Not a target:
all:
#  Command line target.
#  Implicit rule search has been done.
#  File does not exist.
#  File has not been updated.

# Not a target:
Makefile:
#  Implicit rule search has been done.
#  File does not exist.
#  File has been updated.
#  Failed to be updated.

# Not a target:
makefile:
#  Implicit rule search has been done.
#  File does not exist.
#  File has been updated.
#  Failed to be updated.

# Not a target:
.DEFAULT:
#  Implicit rule search has not been done.
#  Modification time never checked.
#  File has not been updated.

# Not a target:
GNUmakefile:
#  Implicit rule search has been done.
#  File does not exist.
#  File has been updated.
#  Failed to be updated.

# files hash-table stats:
# Load=6/1024=1%, Rehash=0, Collisions=0/15=0%
# VPATH Search Paths

# No 'vpath' search paths.

# No general ('VPATH' variable) search path.

# strcache buffers: 1 (0) / strings = 32 / storage = 282 B / avg = 8 B
# current buf: size = 8162 B / used = 282 B / count = 32 / avg = 8 B

# strcache performance: lookups = 35 / hit rate = 8%
# hash-table stats:
# Load=32/8192=0%, Rehash=0, Collisions=1/35=3%
# Finished Make data base on Fri Aug 26 07:50:51 2022

 
